#
# There is insufficient memory for the Java Runtime Environment to continue.
# Native memory allocation (malloc) failed to allocate 1048576 bytes for AllocateHeap
# Possible reasons:
#   The system is out of physical RAM or swap space
#   The process is running with CompressedOops enabled, and the Java Heap may be blocking the growth of the native heap
# Possible solutions:
#   Reduce memory load on the system
#   Increase physical memory or swap space
#   Check if swap backing store is full
#   Decrease Java heap size (-Xmx/-Xms)
#   Decrease number of Java threads
#   Decrease Java thread stack sizes (-Xss)
#   Set larger code cache with -XX:ReservedCodeCacheSize=
#   JVM is running with Zero Based Compressed Oops mode in which the Java heap is
#     placed in the first 32GB address space. The Java Heap base address is the
#     maximum limit for the native heap growth. Please use -XX:HeapBaseMinAddress
#     to set the Java Heap base and to place the Java Heap above 32GB virtual address.
# This output file may be truncated or incomplete.
#
#  Out of Memory Error (memory/allocation.inline.hpp:61), pid=42636, tid=0x0000000000007854
#
# JRE version:  (8.0_251-b08) (build )
# Java VM: Java HotSpot(TM) 64-Bit Server VM (25.251-b08 mixed mode windows-amd64 compressed oops)
# Failed to write core dump. Minidumps are not enabled by default on client versions of Windows
#

---------------  T H R E A D  ---------------

Current thread (0x00000000037e4800):  JavaThread "Unknown thread" [_thread_in_vm, id=30804, stack(0x0000000003510000,0x0000000003610000)]

Stack: [0x0000000003510000,0x0000000003610000]
[error occurred during error reporting (printing stack bounds), id 0xc0000005]

Native frames: (J=compiled Java code, j=interpreted, Vv=VM code, C=native code)


---------------  P R O C E S S  ---------------

Java Threads: ( => current thread )

Other Threads:

=>0x00000000037e4800 (exited) JavaThread "Unknown thread" [_thread_in_vm, id=30804, stack(0x0000000003510000,0x0000000003610000)]

VM state:not at safepoint (normal execution)

VM Mutex/Monitor currently owned by a thread: None

heap address: 0x00000006e2000000, size: 3552 MB, Compressed Oops mode: Zero based, Oop shift amount: 3
Narrow klass base: 0x0000000000000000, Narrow klass shift: 3
Compressed class space size: 1073741824 Address: 0x00000007c0000000

Heap:
 PSYoungGen      total 66560K, used 1146K [0x0000000776000000, 0x000000077aa00000, 0x00000007c0000000)
  eden space 57344K, 2% used [0x0000000776000000,0x000000077611eb90,0x0000000779800000)
  from space 9216K, 0% used [0x000000077a100000,0x000000077a100000,0x000000077aa00000)
  to   space 9216K, 0% used [0x0000000779800000,0x0000000779800000,0x000000077a100000)
 ParOldGen       total 151552K, used 0K [0x00000006e2000000, 0x00000006eb400000, 0x0000000776000000)
  object space 151552K, 0% used [0x00000006e2000000,0x00000006e2000000,0x00000006eb400000)
 Metaspace       used 776K, capacity 4480K, committed 4480K, reserved 1056768K
  class space    used 76K, capacity 384K, committed 384K, reserved 1048576K

Card table byte_map: [0x0000000012ca0000,0x00000000133a0000] byte_map_base: 0x000000000f590000

Marking Bits: (ParMarkBitMap*) 0x000000006832af90
 Begin Bits: [0x0000000014540000, 0x0000000017cc0000)
 End Bits:   [0x0000000017cc0000, 0x000000001b440000)

Polling page: 0x0000000001280000

CodeCache: size=245760Kb used=327Kb max_used=327Kb free=245432Kb
 bounds [0x00000000038e0000, 0x0000000003b50000, 0x00000000128e0000]
 total_blobs=57 nmethods=0 adapters=38
 compilation: enabled

Compilation events (0 events):
No events

GC Heap History (0 events):
No events

Deoptimization events (0 events):
No events

Classes redefined (0 events):
No events

Internal exceptions (0 events):
No events

Events (10 events):
Event: 0.034 loading class java/lang/Short
Event: 0.034 loading class java/lang/Short done
Event: 0.034 loading class java/lang/Integer
Event: 0.034 loading class java/lang/Integer done
Event: 0.034 loading class java/lang/Long
Event: 0.034 loading class java/lang/Long done
Event: 0.035 loading class java/lang/NullPointerException
Event: 0.035 loading class java/lang/NullPointerException done
Event: 0.035 loading class java/lang/ArithmeticException
Event: 0.035 loading class java/lang/ArithmeticException done


Dynamic libraries:
0x00007ff7c3f90000 - 0x00007ff7c3fc7000 	C:\Program Files\Java\jdk1.8.0_251\bin\java.exe
0x00007ffcd2e90000 - 0x00007ffcd3088000 	C:\Windows\SYSTEM32\ntdll.dll
0x00007ffcd2d70000 - 0x00007ffcd2e32000 	C:\Windows\System32\KERNEL32.DLL
0x00007ffcd0a50000 - 0x00007ffcd0d4e000 	C:\Windows\System32\KERNELBASE.dll
0x00007ffcd2240000 - 0x00007ffcd22f1000 	C:\Windows\System32\ADVAPI32.dll
0x00007ffcd2340000 - 0x00007ffcd23de000 	C:\Windows\System32\msvcrt.dll
0x00007ffcd0ed0000 - 0x00007ffcd0f6f000 	C:\Windows\System32\sechost.dll
0x00007ffcd1650000 - 0x00007ffcd1773000 	C:\Windows\System32\RPCRT4.dll
0x00007ffcd0650000 - 0x00007ffcd0677000 	C:\Windows\System32\bcrypt.dll
0x00007ffcd14b0000 - 0x00007ffcd164d000 	C:\Windows\System32\USER32.dll
0x00007ffcd0680000 - 0x00007ffcd06a2000 	C:\Windows\System32\win32u.dll
0x00007ffcd2310000 - 0x00007ffcd233b000 	C:\Windows\System32\GDI32.dll
0x00007ffcd07e0000 - 0x00007ffcd08f7000 	C:\Windows\System32\gdi32full.dll
0x00007ffcd0740000 - 0x00007ffcd07dd000 	C:\Windows\System32\msvcp_win.dll
0x00007ffcd0950000 - 0x00007ffcd0a50000 	C:\Windows\System32\ucrtbase.dll
0x00007ffcbebd0000 - 0x00007ffcbee6a000 	C:\Windows\WinSxS\amd64_microsoft.windows.common-controls_6595b64144ccf1df_6.0.19041.4355_none_60b8b9eb71f62e16\COMCTL32.dll
0x00007ffcd2510000 - 0x00007ffcd253f000 	C:\Windows\System32\IMM32.DLL
0x0000000068c60000 - 0x0000000068d32000 	C:\Program Files\Java\jdk1.8.0_251\jre\bin\msvcr100.dll
0x0000000067b00000 - 0x00000000683ab000 	C:\Program Files\Java\jdk1.8.0_251\jre\bin\server\jvm.dll
0x00007ffcd2e40000 - 0x00007ffcd2e48000 	C:\Windows\System32\PSAPI.DLL
0x00007ffcc67a0000 - 0x00007ffcc67aa000 	C:\Windows\SYSTEM32\VERSION.dll
0x00007ffcc58d0000 - 0x00007ffcc58f7000 	C:\Windows\SYSTEM32\WINMM.dll
0x00007ffccce70000 - 0x00007ffccce79000 	C:\Windows\SYSTEM32\WSOCK32.dll
0x00007ffcd18f0000 - 0x00007ffcd195b000 	C:\Windows\System32\WS2_32.dll
0x00007ffcc5bf0000 - 0x00007ffcc5bff000 	C:\Program Files\Java\jdk1.8.0_251\jre\bin\verify.dll
0x00007ffcbd720000 - 0x00007ffcbd749000 	C:\Program Files\Java\jdk1.8.0_251\jre\bin\java.dll
0x00007ffcb6e80000 - 0x00007ffcb6ea3000 	C:\Program Files\Java\jdk1.8.0_251\jre\bin\instrument.dll
0x00007ffcbe980000 - 0x00007ffcbe996000 	C:\Program Files\Java\jdk1.8.0_251\jre\bin\zip.dll

VM Arguments:
jvm_args: -ea -Didea.test.cyclic.buffer.size=1048576 -javaagent:D:\sofeware\IDEA\rj\IntelliJ IDEA 2023.1.1\lib\idea_rt.jar=58786:D:\sofeware\IDEA\rj\IntelliJ IDEA 2023.1.1\bin -Dfile.encoding=UTF-8 
java_command: com.intellij.rt.junit.JUnitStarter -ideVersion5 -junit4 com.wjp.maker.template.TemplateMakerTest,makeSpringBootTemplate
java_class_path (initial): D:\sofeware\IDEA\rj\IntelliJ IDEA 2023.1.1\lib\idea_rt.jar;D:\sofeware\IDEA\rj\IntelliJ IDEA 2023.1.1\plugins\junit\lib\junit5-rt.jar;D:\sofeware\IDEA\rj\IntelliJ IDEA 2023.1.1\plugins\junit\lib\junit-rt.jar;C:\Program Files\Java\jdk1.8.0_251\jre\lib\charsets.jar;C:\Program Files\Java\jdk1.8.0_251\jre\lib\deploy.jar;C:\Program Files\Java\jdk1.8.0_251\jre\lib\ext\access-bridge-64.jar;C:\Program Files\Java\jdk1.8.0_251\jre\lib\ext\cldrdata.jar;C:\Program Files\Java\jdk1.8.0_251\jre\lib\ext\dnsns.jar;C:\Program Files\Java\jdk1.8.0_251\jre\lib\ext\jaccess.jar;C:\Program Files\Java\jdk1.8.0_251\jre\lib\ext\jfxrt.jar;C:\Program Files\Java\jdk1.8.0_251\jre\lib\ext\localedata.jar;C:\Program Files\Java\jdk1.8.0_251\jre\lib\ext\nashorn.jar;C:\Program Files\Java\jdk1.8.0_251\jre\lib\ext\sunec.jar;C:\Program Files\Java\jdk1.8.0_251\jre\lib\ext\sunjce_provider.jar;C:\Program Files\Java\jdk1.8.0_251\jre\lib\ext\sunmscapi.jar;C:\Program Files\Java\jdk1.8.0_251\jre\lib\ext\sunpkcs11.jar;C:\Program Files\Java\jdk1.8.0_251\jre\lib\ext\zipfs.jar;C:\Program Files\Java\jdk1.8.0_251\jre\lib\javaws.jar;C:\Program Files\Java\jdk1.8.0_251\jre\lib\jce.jar;C:\Program Files\Java\jdk1.8.0_251\jre\lib\jfr.jar;C:\Program Files\Java\jdk1.8.0_251\jre\lib\jfxswt.jar;C:\Program Files\Java\jdk1.8.0_251\jre\lib\jsse.jar;C:\Program Files\Java\jdk1.8.0_251\jre\lib\management-agent.jar;C:\Program Files\Java\jdk1.8.0_251\jre\lib\plugin.jar;C:\Program Files\Java\jdk1.8.0_251\jre\lib\resources.jar;C:\Program Files\Java\jdk1.8.0_251\jre\lib\rt.jar;D:\fullStack\wcode-generator\wcode-generator-maker\target\test-classes;D:\fullStack\wcode-generator\wcode-generator-maker\target\classes;D:\sofeware\IDEA\rj\IntelliJ IDEA 2023.1.1\plugins\maven\rp\cn\hutool\hutool-all\5.8.16\hutool-all-5.8.16.jar;D:\sofeware\IDEA\rj\IntelliJ IDEA 2023.1.1\plugins\maven\rp\org\apache\commons\commons-collections4\4.4\commons-collections4-4.4.jar;D:\sofeware\IDEA\rj\IntelliJ IDEA 2023.1.1\plugins\maven\rp\o
Launcher Type: SUN_STANDARD

Environment Variables:
JAVA_HOME=C:\Program Files\Java\jdk1.8.0_251
PATH=C:\Program Files (x86)\VMware\VMware Workstation\bin\;D:\Maven\apache-maven-3.6.3\bin;C:\Program Files (x86)\Common Files\Oracle\Java\javapath;C:\Program Files (x86)\Common Files\Intel\Shared Libraries\redist\intel64\compiler;C:\Windows\system32;C:\Windows;C:\Windows\System32\Wbem;C:\Windows\System32\WindowsPowerShell\v1.0\;C:\Windows\System32\OpenSSH\;C:\Program Files\Java\jdk1.8.0_251\bin;C:\Users\wjp\AppData\Roaming\nvm;C:\Program Files\nodejs;C:\Program Files\MySQL\MySQL Server 8.0\bin;C:\Program Files (x86)\NVIDIA Corporation\PhysX\Common;D:\sofeware\微信小程序\微信web开发者工具\dll;D:\sofeware;Bandzip\Bandizip\;D:\sofeware\Git\cmd;D:\sofeware\python\python311\Scripts\;D:\sofeware\python\python311\;D:\.pnpm-store\bin;C:\Program Files\MySQL\MySQL Shell 8.0\bin\;D:\sofeware\Microsoft VS Code\bin;D:\sofeware\IDEA\rj\IntelliJ IDEA 2023.1.1\bin;;D:\Maven\apache-maven-3.6.3\bin;D:\sofeware\Windsurf\bin
USERNAME=wjp
OS=Windows_NT
PROCESSOR_IDENTIFIER=AMD64 Family 25 Model 80 Stepping 0, AuthenticAMD



---------------  S Y S T E M  ---------------

OS: Windows 10.0 , 64 bit Build 19041 (10.0.19041.5198)

CPU:total 16 (initial active 16) (16 cores per cpu, 1 threads per core) family 25 model 80 stepping 0, cmov, cx8, fxsr, mmx, sse, sse2, sse3, ssse3, sse4.1, sse4.2, popcnt, avx, avx2, aes, clmul, erms, mmxext, 3dnowpref, lzcnt, sse4a, tsc, tscinvbit, tscinv, bmi1

Memory: 4k page, physical 14545212k(659924k free), swap 40759612k(6116k free)

vm_info: Java HotSpot(TM) 64-Bit Server VM (25.251-b08) for windows-amd64 JRE (1.8.0_251-b08), built on Mar 12 2020 06:31:49 by "" with MS VC++ 10.0 (VS2010)

time: Sat Jan 11 22:38:49 2025
timezone: 中国标准时间
elapsed time: 0 seconds (0d 0h 0m 0s)

